<?xml version="1.0" encoding="UTF-8"?>
<!-- Generated by org.testng.reporters.JUnitReportReporter -->
<testsuite hostname="peng-ThinkPad-L440" name="com.heika.test.verify.cases.API.TestGetUserDetail" tests="1" failures="1" timestamp="3 Nov 2015 10:06:05 GMT" time="0.679" errors="0">
  <testcase name="getUserDetailInfo" time="0.679" classname="com.heika.test.verify.cases.API.TestGetUserDetail">
    <failure type="java.lang.AssertionError" message="There are differences between user detail info from response and from DB expected [investigateNoteInfo=investigateNote=CES
investigateUserName=超级管理员
investigateTime=1440060901000

firstVerifyNote=firstVerifyAmount=1.00
firstVerifyCardProductName=黑卡五星
firstVerifyNote=1
firstVerifyUserName=超级管理员
firstVerifyTime=1440586843000

secondVerify=secondVerifyAmount=20000.00
secondVerifyCardProductName=黑卡五星
secondVerifyNote=42452
secondVerifyUserName=超级管理员
secondVerifyTime=1440642093000

strategy=isOld=1
result=通过审批
amount=16000.00
cardProductId=黑卡一星

youxinBlackListEnum=NOT_IN_BLACK_LIST
] but found [investigateNoteInfo=null
firstVerifyNote=null
secondVerify=null
strategy=null
youxinBlackListEnum=null
]">
      <![CDATA[java.lang.AssertionError: There are differences between user detail info from response and from DB expected [investigateNoteInfo=investigateNote=CES
investigateUserName=超级管理员
investigateTime=1440060901000

firstVerifyNote=firstVerifyAmount=1.00
firstVerifyCardProductName=黑卡五星
firstVerifyNote=1
firstVerifyUserName=超级管理员
firstVerifyTime=1440586843000

secondVerify=secondVerifyAmount=20000.00
secondVerifyCardProductName=黑卡五星
secondVerifyNote=42452
secondVerifyUserName=超级管理员
secondVerifyTime=1440642093000

strategy=isOld=1
result=通过审批
amount=16000.00
cardProductId=黑卡一星

youxinBlackListEnum=NOT_IN_BLACK_LIST
] but found [investigateNoteInfo=null
firstVerifyNote=null
secondVerify=null
strategy=null
youxinBlackListEnum=null
]
	at org.testng.Assert.fail(Assert.java:94)
	at org.testng.Assert.failNotEquals(Assert.java:496)
	at org.testng.Assert.assertEquals(Assert.java:125)
	at com.heika.test.verify.cases.API.TestGetUserDetail.getUserDetailInfo(TestGetUserDetail.java:31)
	at sun.reflect.NativeMethodAccessorImpl.invoke0(Native Method)
	at sun.reflect.NativeMethodAccessorImpl.invoke(NativeMethodAccessorImpl.java:62)
	at sun.reflect.DelegatingMethodAccessorImpl.invoke(DelegatingMethodAccessorImpl.java:43)
	at java.lang.reflect.Method.invoke(Method.java:497)
	at org.testng.internal.MethodInvocationHelper.invokeMethod(MethodInvocationHelper.java:85)
	at org.testng.internal.Invoker.invokeMethod(Invoker.java:639)
	at org.testng.internal.Invoker.invokeTestMethod(Invoker.java:821)
	at org.testng.internal.Invoker.invokeTestMethods(Invoker.java:1131)
	at org.testng.internal.TestMethodWorker.invokeTestMethods(TestMethodWorker.java:124)
	at org.testng.internal.TestMethodWorker.run(TestMethodWorker.java:108)
	at org.testng.TestRunner.privateRun(TestRunner.java:773)
	at org.testng.TestRunner.run(TestRunner.java:623)
	at org.testng.SuiteRunner.runTest(SuiteRunner.java:357)
	at org.testng.SuiteRunner.runSequentially(SuiteRunner.java:352)
	at org.testng.SuiteRunner.privateRun(SuiteRunner.java:310)
	at org.testng.SuiteRunner.run(SuiteRunner.java:259)
	at org.testng.SuiteRunnerWorker.runSuite(SuiteRunnerWorker.java:52)
	at org.testng.SuiteRunnerWorker.run(SuiteRunnerWorker.java:86)
	at org.testng.TestNG.runSuitesSequentially(TestNG.java:1185)
	at org.testng.TestNG.runSuitesLocally(TestNG.java:1110)
	at org.testng.TestNG.run(TestNG.java:1018)
	at org.apache.maven.surefire.testng.TestNGExecutor.run(TestNGExecutor.java:295)
	at org.apache.maven.surefire.testng.TestNGXmlTestSuite.execute(TestNGXmlTestSuite.java:84)
	at org.apache.maven.surefire.testng.TestNGProvider.invoke(TestNGProvider.java:90)
	at org.apache.maven.surefire.booter.ForkedBooter.invokeProviderInSameClassLoader(ForkedBooter.java:203)
	at org.apache.maven.surefire.booter.ForkedBooter.runSuitesInProcess(ForkedBooter.java:155)
	at org.apache.maven.surefire.booter.ForkedBooter.main(ForkedBooter.java:103)
]]>
    </failure>
  </testcase> <!-- getUserDetailInfo -->
</testsuite> <!-- com.heika.test.verify.cases.API.TestGetUserDetail -->
