<?xml version="1.0" encoding="UTF-8"?>
<!-- Generated by org.testng.reporters.JUnitReportReporter -->
<testsuite hostname="peng-ThinkPad-L440" name="com.heika.test.verify.cases.API.TestSearchUser" tests="94" failures="0" timestamp="3 Nov 2015 10:06:05 GMT" time="22.666" errors="0">
  <testcase name="searchUser_by_verifyStatus" time="0.023" classname="com.heika.test.verify.cases.API.TestSearchUser"/>
  <testcase name="searchUser_by_verifyStatus" time="0.040" classname="com.heika.test.verify.cases.API.TestSearchUser"/>
  <testcase name="searchUser_by_verifyStatus" time="0.279" classname="com.heika.test.verify.cases.API.TestSearchUser"/>
  <testcase name="searchUser_by_verifyStatus" time="0.752" classname="com.heika.test.verify.cases.API.TestSearchUser"/>
  <testcase name="searchUser_by_verifyStatus" time="1.426" classname="com.heika.test.verify.cases.API.TestSearchUser"/>
  <testcase name="searchUser_by_verifyStatus" time="0.024" classname="com.heika.test.verify.cases.API.TestSearchUser"/>
  <testcase name="searchUser_by_verifyStatus" time="1.430" classname="com.heika.test.verify.cases.API.TestSearchUser"/>
  <testcase name="searchUser_by_verifyStatus" time="0.013" classname="com.heika.test.verify.cases.API.TestSearchUser"/>
  <testcase name="searchUser_by_verifyStatus" time="1.170" classname="com.heika.test.verify.cases.API.TestSearchUser"/>
  <testcase name="searchUser_by_verifyStatus" time="0.096" classname="com.heika.test.verify.cases.API.TestSearchUser"/>
  <testcase name="searchUser_by_verifyStatus" time="0.055" classname="com.heika.test.verify.cases.API.TestSearchUser"/>
  <testcase name="searchUser_by_verifyStatus" time="0.197" classname="com.heika.test.verify.cases.API.TestSearchUser"/>
  <testcase name="searchUser_by_verifyStatus" time="1.196" classname="com.heika.test.verify.cases.API.TestSearchUser"/>
  <testcase name="searchUser_by_verifyStatus" time="0.091" classname="com.heika.test.verify.cases.API.TestSearchUser"/>
  <testcase name="searchUser_by_verifyStatus" time="0.012" classname="com.heika.test.verify.cases.API.TestSearchUser"/>
  <testcase name="searchUser_by_verifyStatus" time="0.312" classname="com.heika.test.verify.cases.API.TestSearchUser"/>
  <testcase name="searchUser_by_verifyStatus" time="0.091" classname="com.heika.test.verify.cases.API.TestSearchUser"/>
  <testcase name="searchUser_by_verifyStatus" time="0.038" classname="com.heika.test.verify.cases.API.TestSearchUser"/>
  <testcase name="searchUser_by_verifyStatus" time="0.015" classname="com.heika.test.verify.cases.API.TestSearchUser"/>
  <testcase name="searchUser_by_verifyStatus" time="0.022" classname="com.heika.test.verify.cases.API.TestSearchUser"/>
  <testcase name="searchUser_by_verifyStatus" time="0.014" classname="com.heika.test.verify.cases.API.TestSearchUser"/>
  <testcase name="searchUser_by_verifyStatus" time="0.035" classname="com.heika.test.verify.cases.API.TestSearchUser"/>
  <testcase name="searchUser_by_pageNum" time="0.398" classname="com.heika.test.verify.cases.API.TestSearchUser"/>
  <testcase name="searchUser_by_pageNum" time="0.478" classname="com.heika.test.verify.cases.API.TestSearchUser"/>
  <testcase name="searchUser_by_verifyStatus" time="0.480" classname="com.heika.test.verify.cases.API.TestSearchUser"/>
  <testcase name="searchUser_by_verifyStatus" time="0.014" classname="com.heika.test.verify.cases.API.TestSearchUser"/>
  <testcase name="searchUser_by_verifyStatus" time="0.446" classname="com.heika.test.verify.cases.API.TestSearchUser"/>
  <testcase name="searchUser_by_verifyStatus" time="0.109" classname="com.heika.test.verify.cases.API.TestSearchUser"/>
  <testcase name="searchUser_by_verifyStatus" time="0.036" classname="com.heika.test.verify.cases.API.TestSearchUser"/>
  <testcase name="searchUser_by_verifyStatus" time="0.090" classname="com.heika.test.verify.cases.API.TestSearchUser"/>
  <testcase name="searchUser_by_verifyStatus" time="0.026" classname="com.heika.test.verify.cases.API.TestSearchUser"/>
  <testcase name="searchUser_by_verifyStatus" time="1.193" classname="com.heika.test.verify.cases.API.TestSearchUser"/>
  <testcase name="searchUser_by_verifyStatus" time="0.018" classname="com.heika.test.verify.cases.API.TestSearchUser"/>
  <testcase name="searchUser_by_verifyStatus" time="0.601" classname="com.heika.test.verify.cases.API.TestSearchUser"/>
  <testcase name="searchUser_by_verifyStatus" time="0.446" classname="com.heika.test.verify.cases.API.TestSearchUser"/>
  <testcase name="searchUser_by_verifyStatus" time="0.277" classname="com.heika.test.verify.cases.API.TestSearchUser"/>
  <testcase name="searchUser_by_verifyStatus" time="0.026" classname="com.heika.test.verify.cases.API.TestSearchUser"/>
  <testcase name="searchUser_by_verifyStatus" time="0.056" classname="com.heika.test.verify.cases.API.TestSearchUser"/>
  <testcase name="searchUser_by_verifyStatus" time="0.038" classname="com.heika.test.verify.cases.API.TestSearchUser"/>
  <testcase name="searchUser_by_verifyStatus" time="1.449" classname="com.heika.test.verify.cases.API.TestSearchUser"/>
  <testcase name="searchUser_by_verifyStatus" time="0.057" classname="com.heika.test.verify.cases.API.TestSearchUser"/>
  <testcase name="searchUser_by_verifyStatus" time="0.013" classname="com.heika.test.verify.cases.API.TestSearchUser"/>
  <testcase name="searchUser_by_verifyStatus" time="0.568" classname="com.heika.test.verify.cases.API.TestSearchUser"/>
  <testcase name="searchUser_by_verifyStatus" time="0.059" classname="com.heika.test.verify.cases.API.TestSearchUser"/>
  <testcase name="searchUser_by_verifyStatus" time="0.012" classname="com.heika.test.verify.cases.API.TestSearchUser"/>
  <testcase name="searchUser_by_verifyStatus" time="0.035" classname="com.heika.test.verify.cases.API.TestSearchUser"/>
  <testcase name="searchUser_by_verifyStatus" time="0.094" classname="com.heika.test.verify.cases.API.TestSearchUser"/>
  <testcase name="searchUser_by_verifyStatus" time="0.597" classname="com.heika.test.verify.cases.API.TestSearchUser"/>
  <testcase name="searchUser_by_verifyStatus" time="0.022" classname="com.heika.test.verify.cases.API.TestSearchUser"/>
  <testcase name="searchUser_by_verifyStatus" time="0.014" classname="com.heika.test.verify.cases.API.TestSearchUser"/>
  <testcase name="searchUser_by_verifyStatus" time="0.091" classname="com.heika.test.verify.cases.API.TestSearchUser"/>
  <testcase name="searchUser_by_verifyStatus" time="0.197" classname="com.heika.test.verify.cases.API.TestSearchUser"/>
  <testcase name="searchUser_by_verifyStatus" time="0.062" classname="com.heika.test.verify.cases.API.TestSearchUser"/>
  <testcase name="searchUser_by_verifyStatus" time="0.012" classname="com.heika.test.verify.cases.API.TestSearchUser"/>
  <testcase name="searchUser_by_verifyStatus" time="0.065" classname="com.heika.test.verify.cases.API.TestSearchUser"/>
  <testcase name="searchUser_by_verifyStatus" time="0.024" classname="com.heika.test.verify.cases.API.TestSearchUser"/>
  <testcase name="searchUser_by_pageNum" time="0.393" classname="com.heika.test.verify.cases.API.TestSearchUser"/>
  <testcase name="searchUser_by_verifyStatus" time="0.013" classname="com.heika.test.verify.cases.API.TestSearchUser"/>
  <testcase name="searchUser_by_verifyStatus" time="0.107" classname="com.heika.test.verify.cases.API.TestSearchUser"/>
  <testcase name="searchUser_by_verifyStatus" time="0.012" classname="com.heika.test.verify.cases.API.TestSearchUser"/>
  <testcase name="searchUser_by_verifyStatus" time="0.277" classname="com.heika.test.verify.cases.API.TestSearchUser"/>
  <testcase name="searchUser_by_verifyStatus" time="0.014" classname="com.heika.test.verify.cases.API.TestSearchUser"/>
  <testcase name="searchUser_by_verifyStatus" time="0.063" classname="com.heika.test.verify.cases.API.TestSearchUser"/>
  <testcase name="searchUser_by_verifyStatus" time="0.015" classname="com.heika.test.verify.cases.API.TestSearchUser"/>
  <testcase name="searchUser_by_verifyStatus" time="0.034" classname="com.heika.test.verify.cases.API.TestSearchUser"/>
  <testcase name="searchUser_by_verifyStatus" time="0.025" classname="com.heika.test.verify.cases.API.TestSearchUser"/>
  <testcase name="searchUser_by_verifyStatus" time="0.187" classname="com.heika.test.verify.cases.API.TestSearchUser"/>
  <testcase name="searchUser_by_verifyStatus" time="0.575" classname="com.heika.test.verify.cases.API.TestSearchUser"/>
  <testcase name="searchUser_by_verifyStatus" time="0.060" classname="com.heika.test.verify.cases.API.TestSearchUser"/>
  <testcase name="searchUser_by_pageNum" time="0.852" classname="com.heika.test.verify.cases.API.TestSearchUser"/>
  <testcase name="searchUser_by_verifyStatus" time="0.094" classname="com.heika.test.verify.cases.API.TestSearchUser"/>
  <testcase name="searchUser_by_verifyStatus" time="1.164" classname="com.heika.test.verify.cases.API.TestSearchUser"/>
  <testcase name="searchUser_by_verifyStatus" time="1.446" classname="com.heika.test.verify.cases.API.TestSearchUser"/>
  <testcase name="searchUser_by_verifyStatus" time="0.024" classname="com.heika.test.verify.cases.API.TestSearchUser"/>
  <testcase name="searchUser_by_verifyStatus" time="0.032" classname="com.heika.test.verify.cases.API.TestSearchUser"/>
  <testcase name="searchUser_by_verifyStatus" time="0.036" classname="com.heika.test.verify.cases.API.TestSearchUser"/>
  <testcase name="searchUser_by_verifyStatus" time="0.027" classname="com.heika.test.verify.cases.API.TestSearchUser"/>
  <testcase name="searchUser_by_verifyStatus" time="0.037" classname="com.heika.test.verify.cases.API.TestSearchUser"/>
  <testcase name="searchUser_by_verifyStatus" time="0.033" classname="com.heika.test.verify.cases.API.TestSearchUser"/>
  <testcase name="searchUser_by_verifyStatus" time="0.025" classname="com.heika.test.verify.cases.API.TestSearchUser"/>
  <testcase name="searchUser_by_verifyStatus" time="0.014" classname="com.heika.test.verify.cases.API.TestSearchUser"/>
  <testcase name="searchUser_by_verifyStatus" time="0.034" classname="com.heika.test.verify.cases.API.TestSearchUser"/>
  <testcase name="searchUser_by_verifyStatus" time="0.447" classname="com.heika.test.verify.cases.API.TestSearchUser"/>
  <testcase name="searchUser_by_verifyStatus" time="0.013" classname="com.heika.test.verify.cases.API.TestSearchUser"/>
  <testcase name="searchUser_by_verifyStatus" time="0.278" classname="com.heika.test.verify.cases.API.TestSearchUser"/>
  <testcase name="searchUser_by_verifyStatus" time="0.035" classname="com.heika.test.verify.cases.API.TestSearchUser"/>
  <testcase name="searchUser_by_verifyStatus" time="0.013" classname="com.heika.test.verify.cases.API.TestSearchUser"/>
  <testcase name="searchUser_by_verifyStatus" time="0.033" classname="com.heika.test.verify.cases.API.TestSearchUser"/>
  <testcase name="searchUser_by_verifyStatus" time="0.033" classname="com.heika.test.verify.cases.API.TestSearchUser"/>
  <testcase name="searchUser_by_verifyStatus" time="0.024" classname="com.heika.test.verify.cases.API.TestSearchUser"/>
  <testcase name="searchUser_by_pageNum" time="0.459" classname="com.heika.test.verify.cases.API.TestSearchUser"/>
  <testcase name="searchUser_by_verifyStatus" time="0.197" classname="com.heika.test.verify.cases.API.TestSearchUser"/>
  <testcase name="searchUser_by_verifyStatus" time="0.095" classname="com.heika.test.verify.cases.API.TestSearchUser"/>
  <testcase name="searchUser_by_verifyStatus" time="0.012" classname="com.heika.test.verify.cases.API.TestSearchUser"/>
</testsuite> <!-- com.heika.test.verify.cases.API.TestSearchUser -->
