<?xml version="1.0" encoding="UTF-8"?>
<!-- Generated by org.testng.reporters.JUnitReportReporter -->
<testsuite hostname="peng-ThinkPad-L440" name="com.heika.test.verify.cases.API.TestSearchUser" tests="89" failures="0" timestamp="22 Oct 2015 02:17:35 GMT" time="24.113" errors="0">
  <testcase name="searchUser_by_verifyStatus" time="0.039" classname="com.heika.test.verify.cases.API.TestSearchUser"/>
  <testcase name="searchUser_by_verifyStatus" time="0.024" classname="com.heika.test.verify.cases.API.TestSearchUser"/>
  <testcase name="searchUser_by_verifyStatus" time="0.030" classname="com.heika.test.verify.cases.API.TestSearchUser"/>
  <testcase name="searchUser_by_verifyStatus" time="0.145" classname="com.heika.test.verify.cases.API.TestSearchUser"/>
  <testcase name="searchUser_by_verifyStatus" time="0.064" classname="com.heika.test.verify.cases.API.TestSearchUser"/>
  <testcase name="searchUser_by_verifyStatus" time="0.332" classname="com.heika.test.verify.cases.API.TestSearchUser"/>
  <testcase name="searchUser_by_verifyStatus" time="0.083" classname="com.heika.test.verify.cases.API.TestSearchUser"/>
  <testcase name="searchUser_by_verifyStatus" time="0.144" classname="com.heika.test.verify.cases.API.TestSearchUser"/>
  <testcase name="searchUser_by_verifyStatus" time="0.032" classname="com.heika.test.verify.cases.API.TestSearchUser"/>
  <testcase name="searchUser_by_verifyStatus" time="0.589" classname="com.heika.test.verify.cases.API.TestSearchUser"/>
  <testcase name="searchUser_by_verifyStatus" time="0.024" classname="com.heika.test.verify.cases.API.TestSearchUser"/>
  <testcase name="searchUser_by_verifyStatus" time="0.073" classname="com.heika.test.verify.cases.API.TestSearchUser"/>
  <testcase name="searchUser_by_verifyStatus" time="1.521" classname="com.heika.test.verify.cases.API.TestSearchUser"/>
  <testcase name="searchUser_by_verifyStatus" time="1.644" classname="com.heika.test.verify.cases.API.TestSearchUser"/>
  <testcase name="searchUser_by_verifyStatus" time="0.248" classname="com.heika.test.verify.cases.API.TestSearchUser"/>
  <testcase name="searchUser_by_verifyStatus" time="0.114" classname="com.heika.test.verify.cases.API.TestSearchUser"/>
  <testcase name="searchUser_by_verifyStatus" time="1.649" classname="com.heika.test.verify.cases.API.TestSearchUser"/>
  <testcase name="searchUser_by_verifyStatus" time="0.113" classname="com.heika.test.verify.cases.API.TestSearchUser"/>
  <testcase name="searchUser_by_verifyStatus" time="0.118" classname="com.heika.test.verify.cases.API.TestSearchUser"/>
  <testcase name="searchUser_by_verifyStatus" time="0.516" classname="com.heika.test.verify.cases.API.TestSearchUser"/>
  <testcase name="searchUser_by_verifyStatus" time="0.115" classname="com.heika.test.verify.cases.API.TestSearchUser"/>
  <testcase name="searchUser_by_verifyStatus" time="0.024" classname="com.heika.test.verify.cases.API.TestSearchUser"/>
  <testcase name="searchUser_by_verifyStatus" time="0.038" classname="com.heika.test.verify.cases.API.TestSearchUser"/>
  <testcase name="searchUser_by_verifyStatus" time="0.246" classname="com.heika.test.verify.cases.API.TestSearchUser"/>
  <testcase name="searchUser_by_verifyStatus" time="0.018" classname="com.heika.test.verify.cases.API.TestSearchUser"/>
  <testcase name="searchUser_by_verifyStatus" time="0.040" classname="com.heika.test.verify.cases.API.TestSearchUser"/>
  <testcase name="searchUser_by_verifyStatus" time="0.084" classname="com.heika.test.verify.cases.API.TestSearchUser"/>
  <testcase name="searchUser_by_verifyStatus" time="0.317" classname="com.heika.test.verify.cases.API.TestSearchUser"/>
  <testcase name="searchUser_by_verifyStatus" time="0.014" classname="com.heika.test.verify.cases.API.TestSearchUser"/>
  <testcase name="searchUser_by_verifyStatus" time="0.035" classname="com.heika.test.verify.cases.API.TestSearchUser"/>
  <testcase name="searchUser_by_verifyStatus" time="0.049" classname="com.heika.test.verify.cases.API.TestSearchUser"/>
  <testcase name="searchUser_by_verifyStatus" time="0.114" classname="com.heika.test.verify.cases.API.TestSearchUser"/>
  <testcase name="searchUser_by_verifyStatus" time="0.017" classname="com.heika.test.verify.cases.API.TestSearchUser"/>
  <testcase name="searchUser_by_verifyStatus" time="0.076" classname="com.heika.test.verify.cases.API.TestSearchUser"/>
  <testcase name="searchUser_by_verifyStatus" time="0.025" classname="com.heika.test.verify.cases.API.TestSearchUser"/>
  <testcase name="searchUser_by_verifyStatus" time="0.018" classname="com.heika.test.verify.cases.API.TestSearchUser"/>
  <testcase name="searchUser_by_verifyStatus" time="0.323" classname="com.heika.test.verify.cases.API.TestSearchUser"/>
  <testcase name="searchUser_by_verifyStatus" time="0.074" classname="com.heika.test.verify.cases.API.TestSearchUser"/>
  <testcase name="searchUser_by_verifyStatus" time="0.024" classname="com.heika.test.verify.cases.API.TestSearchUser"/>
  <testcase name="searchUser_by_verifyStatus" time="0.032" classname="com.heika.test.verify.cases.API.TestSearchUser"/>
  <testcase name="searchUser_by_verifyStatus" time="0.392" classname="com.heika.test.verify.cases.API.TestSearchUser"/>
  <testcase name="searchUser_by_verifyStatus" time="0.512" classname="com.heika.test.verify.cases.API.TestSearchUser"/>
  <testcase name="searchUser_by_verifyStatus" time="0.047" classname="com.heika.test.verify.cases.API.TestSearchUser"/>
  <testcase name="searchUser_by_verifyStatus" time="0.082" classname="com.heika.test.verify.cases.API.TestSearchUser"/>
  <testcase name="searchUser_by_verifyStatus" time="0.032" classname="com.heika.test.verify.cases.API.TestSearchUser"/>
  <testcase name="searchUser_by_verifyStatus" time="0.018" classname="com.heika.test.verify.cases.API.TestSearchUser"/>
  <testcase name="searchUser_by_verifyStatus" time="0.021" classname="com.heika.test.verify.cases.API.TestSearchUser"/>
  <testcase name="searchUser_by_verifyStatus" time="1.410" classname="com.heika.test.verify.cases.API.TestSearchUser"/>
  <testcase name="searchUser_by_verifyStatus" time="0.039" classname="com.heika.test.verify.cases.API.TestSearchUser"/>
  <testcase name="searchUser_by_verifyStatus" time="0.019" classname="com.heika.test.verify.cases.API.TestSearchUser"/>
  <testcase name="searchUser_by_verifyStatus" time="0.396" classname="com.heika.test.verify.cases.API.TestSearchUser"/>
  <testcase name="searchUser_by_verifyStatus" time="0.046" classname="com.heika.test.verify.cases.API.TestSearchUser"/>
  <testcase name="searchUser_by_verifyStatus" time="0.146" classname="com.heika.test.verify.cases.API.TestSearchUser"/>
  <testcase name="searchUser_by_verifyStatus" time="0.020" classname="com.heika.test.verify.cases.API.TestSearchUser"/>
  <testcase name="searchUser_by_verifyStatus" time="0.019" classname="com.heika.test.verify.cases.API.TestSearchUser"/>
  <testcase name="searchUser_by_verifyStatus" time="0.029" classname="com.heika.test.verify.cases.API.TestSearchUser"/>
  <testcase name="searchUser_by_verifyStatus" time="0.036" classname="com.heika.test.verify.cases.API.TestSearchUser"/>
  <testcase name="searchUser_by_verifyStatus" time="1.622" classname="com.heika.test.verify.cases.API.TestSearchUser"/>
  <testcase name="searchUser_by_verifyStatus" time="0.031" classname="com.heika.test.verify.cases.API.TestSearchUser"/>
  <testcase name="searchUser_by_verifyStatus" time="0.333" classname="com.heika.test.verify.cases.API.TestSearchUser"/>
  <testcase name="searchUser_by_verifyStatus" time="1.993" classname="com.heika.test.verify.cases.API.TestSearchUser"/>
  <testcase name="searchUser_by_verifyStatus" time="1.659" classname="com.heika.test.verify.cases.API.TestSearchUser"/>
  <testcase name="searchUser_by_verifyStatus" time="0.022" classname="com.heika.test.verify.cases.API.TestSearchUser"/>
  <testcase name="searchUser_by_verifyStatus" time="0.040" classname="com.heika.test.verify.cases.API.TestSearchUser"/>
  <testcase name="searchUser_by_verifyStatus" time="1.393" classname="com.heika.test.verify.cases.API.TestSearchUser"/>
  <testcase name="searchUser_by_verifyStatus" time="0.026" classname="com.heika.test.verify.cases.API.TestSearchUser"/>
  <testcase name="searchUser_by_verifyStatus" time="0.049" classname="com.heika.test.verify.cases.API.TestSearchUser"/>
  <testcase name="searchUser_by_verifyStatus" time="1.519" classname="com.heika.test.verify.cases.API.TestSearchUser"/>
  <testcase name="searchUser_by_verifyStatus" time="0.030" classname="com.heika.test.verify.cases.API.TestSearchUser"/>
  <testcase name="searchUser_by_verifyStatus" time="0.016" classname="com.heika.test.verify.cases.API.TestSearchUser"/>
  <testcase name="searchUser_by_verifyStatus" time="0.021" classname="com.heika.test.verify.cases.API.TestSearchUser"/>
  <testcase name="searchUser_by_verifyStatus" time="0.253" classname="com.heika.test.verify.cases.API.TestSearchUser"/>
  <testcase name="searchUser_by_verifyStatus" time="0.112" classname="com.heika.test.verify.cases.API.TestSearchUser"/>
  <testcase name="searchUser_by_verifyStatus" time="0.080" classname="com.heika.test.verify.cases.API.TestSearchUser"/>
  <testcase name="searchUser_by_verifyStatus" time="0.017" classname="com.heika.test.verify.cases.API.TestSearchUser"/>
  <testcase name="searchUser_by_verifyStatus" time="0.020" classname="com.heika.test.verify.cases.API.TestSearchUser"/>
  <testcase name="searchUser_by_verifyStatus" time="0.085" classname="com.heika.test.verify.cases.API.TestSearchUser"/>
  <testcase name="searchUser_by_verifyStatus" time="0.409" classname="com.heika.test.verify.cases.API.TestSearchUser"/>
  <testcase name="searchUser_by_verifyStatus" time="0.132" classname="com.heika.test.verify.cases.API.TestSearchUser"/>
  <testcase name="searchUser_by_verifyStatus" time="0.042" classname="com.heika.test.verify.cases.API.TestSearchUser"/>
  <testcase name="searchUser_by_verifyStatus" time="0.016" classname="com.heika.test.verify.cases.API.TestSearchUser"/>
  <testcase name="searchUser_by_verifyStatus" time="0.029" classname="com.heika.test.verify.cases.API.TestSearchUser"/>
  <testcase name="searchUser_by_verifyStatus" time="0.396" classname="com.heika.test.verify.cases.API.TestSearchUser"/>
  <testcase name="searchUser_by_verifyStatus" time="0.038" classname="com.heika.test.verify.cases.API.TestSearchUser"/>
  <testcase name="searchUser_by_verifyStatus" time="0.264" classname="com.heika.test.verify.cases.API.TestSearchUser"/>
  <testcase name="searchUser_by_verifyStatus" time="0.512" classname="com.heika.test.verify.cases.API.TestSearchUser"/>
  <testcase name="searchUser_by_verifyStatus" time="0.048" classname="com.heika.test.verify.cases.API.TestSearchUser"/>
  <testcase name="searchUser_by_verifyStatus" time="0.018" classname="com.heika.test.verify.cases.API.TestSearchUser"/>
  <testcase name="searchUser_by_verifyStatus" time="0.439" classname="com.heika.test.verify.cases.API.TestSearchUser"/>
</testsuite> <!-- com.heika.test.verify.cases.API.TestSearchUser -->
