<?xml version="1.0" encoding="UTF-8"?>
<!-- Generated by org.testng.reporters.JUnitReportReporter -->
<testsuite hostname="peng-ThinkPad-L440" name="com.heika.test.verify.cases.API.TestGetUserVerifyLog" tests="1" failures="0" timestamp="3 Nov 2015 10:06:05 GMT" time="0.082" errors="0">
  <testcase name="getUserVerifyLog" time="0.082" classname="com.heika.test.verify.cases.API.TestGetUserVerifyLog"/>
</testsuite> <!-- com.heika.test.verify.cases.API.TestGetUserVerifyLog -->
