<?xml version="1.0" encoding="UTF-8"?>
<!-- Generated by org.testng.reporters.JUnitReportReporter -->
<testsuite hostname="peng-ThinkPad-L440" name="com.heika.test.verify.cases.API.TestGetUserDetail" tests="1" failures="0" timestamp="3 Nov 2015 03:54:19 GMT" time="1.003" errors="0">
  <testcase name="getUserDetailInfo" time="1.003" classname="com.heika.test.verify.cases.API.TestGetUserDetail"/>
</testsuite> <!-- com.heika.test.verify.cases.API.TestGetUserDetail -->
