<?xml version="1.0" encoding="UTF-8"?>
<testsuite name="TestSuite" time="2.458" tests="96" errors="0" skipped="0" failures="0">
  <properties>
    <property name="java.runtime.name" value="Java(TM) SE Runtime Environment"/>
    <property name="sun.boot.library.path" value="/usr/lib/jvm/java-8-oracle/jre/lib/amd64"/>
    <property name="java.vm.version" value="25.66-b17"/>
    <property name="java.vm.vendor" value="Oracle Corporation"/>
    <property name="maven.multiModuleProjectDirectory" value="/home/peng/test-codes/heika-test"/>
    <property name="java.vendor.url" value="http://java.oracle.com/"/>
    <property name="path.separator" value=":"/>
    <property name="guice.disable.misplaced.annotation.check" value="true"/>
    <property name="java.vm.name" value="Java HotSpot(TM) 64-Bit Server VM"/>
    <property name="file.encoding.pkg" value="sun.io"/>
    <property name="user.country" value="US"/>
    <property name="sun.java.launcher" value="SUN_STANDARD"/>
    <property name="sun.os.patch.level" value="unknown"/>
    <property name="java.vm.specification.name" value="Java Virtual Machine Specification"/>
    <property name="user.dir" value="/home/peng/test-codes/heika-test"/>
    <property name="java.runtime.version" value="1.8.0_66-b17"/>
    <property name="java.awt.graphicsenv" value="sun.awt.X11GraphicsEnvironment"/>
    <property name="java.endorsed.dirs" value="/usr/lib/jvm/java-8-oracle/jre/lib/endorsed"/>
    <property name="os.arch" value="amd64"/>
    <property name="java.io.tmpdir" value="/tmp"/>
    <property name="line.separator" value="&#10;"/>
    <property name="java.vm.specification.vendor" value="Oracle Corporation"/>
    <property name="os.name" value="Linux"/>
    <property name="classworlds.conf" value="/home/peng/apache-maven-3.3.3/bin/m2.conf"/>
    <property name="sun.jnu.encoding" value="UTF-8"/>
    <property name="java.library.path" value="/usr/java/packages/lib/amd64:/usr/lib64:/lib64:/lib:/usr/lib"/>
    <property name="java.specification.name" value="Java Platform API Specification"/>
    <property name="java.class.version" value="52.0"/>
    <property name="sun.management.compiler" value="HotSpot 64-Bit Tiered Compilers"/>
    <property name="os.version" value="3.16.0-51-generic"/>
    <property name="user.home" value="/home/peng"/>
    <property name="user.timezone" value="Asia/Harbin"/>
    <property name="java.awt.printerjob" value="sun.print.PSPrinterJob"/>
    <property name="file.encoding" value="UTF-8"/>
    <property name="java.specification.version" value="1.8"/>
    <property name="user.name" value="peng"/>
    <property name="java.class.path" value="/home/peng/apache-maven-3.3.3/boot/plexus-classworlds-2.5.2.jar"/>
    <property name="java.vm.specification.version" value="1.8"/>
    <property name="sun.arch.data.model" value="64"/>
    <property name="java.home" value="/usr/lib/jvm/java-8-oracle/jre"/>
    <property name="sun.java.command" value="org.codehaus.plexus.classworlds.launcher.Launcher clean package"/>
    <property name="java.specification.vendor" value="Oracle Corporation"/>
    <property name="user.language" value="en"/>
    <property name="awt.toolkit" value="sun.awt.X11.XToolkit"/>
    <property name="java.vm.info" value="mixed mode"/>
    <property name="java.version" value="1.8.0_66"/>
    <property name="java.ext.dirs" value="/usr/lib/jvm/java-8-oracle/jre/lib/ext:/usr/java/packages/lib/ext"/>
    <property name="securerandom.source" value="file:/dev/./urandom"/>
    <property name="sun.boot.class.path" value="/usr/lib/jvm/java-8-oracle/jre/lib/resources.jar:/usr/lib/jvm/java-8-oracle/jre/lib/rt.jar:/usr/lib/jvm/java-8-oracle/jre/lib/sunrsasign.jar:/usr/lib/jvm/java-8-oracle/jre/lib/jsse.jar:/usr/lib/jvm/java-8-oracle/jre/lib/jce.jar:/usr/lib/jvm/java-8-oracle/jre/lib/charsets.jar:/usr/lib/jvm/java-8-oracle/jre/lib/jfr.jar:/usr/lib/jvm/java-8-oracle/jre/classes"/>
    <property name="java.vendor" value="Oracle Corporation"/>
    <property name="maven.home" value="/home/peng/apache-maven-3.3.3"/>
    <property name="file.separator" value="/"/>
    <property name="java.vendor.url.bug" value="http://bugreport.sun.com/bugreport/"/>
    <property name="sun.cpu.endian" value="little"/>
    <property name="sun.io.unicode.encoding" value="UnicodeLittle"/>
    <property name="sun.cpu.isalist" value=""/>
  </properties>
  <testcase name="getUserDetailInfo" classname="com.heika.test.verify.cases.API.TestGetUserDetail" time="1.004"/>
  <testcase name="getUserVerifyLog" classname="com.heika.test.verify.cases.API.TestGetUserVerifyLog" time="0.074"/>
  <testcase name="searchUser_by_pageNum" classname="com.heika.test.verify.cases.API.TestSearchUser" time="0.74"/>
  <testcase name="searchUser_by_pageNum" classname="com.heika.test.verify.cases.API.TestSearchUser" time="0.46"/>
  <testcase name="searchUser_by_pageNum" classname="com.heika.test.verify.cases.API.TestSearchUser" time="0.365"/>
  <testcase name="searchUser_by_pageNum" classname="com.heika.test.verify.cases.API.TestSearchUser" time="0.381"/>
  <testcase name="searchUser_by_pageNum" classname="com.heika.test.verify.cases.API.TestSearchUser" time="0.406"/>
  <testcase name="searchUser_by_verifyStatus" classname="com.heika.test.verify.cases.API.TestSearchUser" time="0.64"/>
  <testcase name="searchUser_by_verifyStatus" classname="com.heika.test.verify.cases.API.TestSearchUser" time="0.016"/>
  <testcase name="searchUser_by_verifyStatus" classname="com.heika.test.verify.cases.API.TestSearchUser" time="0.113"/>
  <testcase name="searchUser_by_verifyStatus" classname="com.heika.test.verify.cases.API.TestSearchUser" time="0.044"/>
  <testcase name="searchUser_by_verifyStatus" classname="com.heika.test.verify.cases.API.TestSearchUser" time="0.041"/>
  <testcase name="searchUser_by_verifyStatus" classname="com.heika.test.verify.cases.API.TestSearchUser" time="0.038"/>
  <testcase name="searchUser_by_verifyStatus" classname="com.heika.test.verify.cases.API.TestSearchUser" time="0.014"/>
  <testcase name="searchUser_by_verifyStatus" classname="com.heika.test.verify.cases.API.TestSearchUser" time="0.112"/>
  <testcase name="searchUser_by_verifyStatus" classname="com.heika.test.verify.cases.API.TestSearchUser" time="0.309"/>
  <testcase name="searchUser_by_verifyStatus" classname="com.heika.test.verify.cases.API.TestSearchUser" time="0.451"/>
  <testcase name="searchUser_by_verifyStatus" classname="com.heika.test.verify.cases.API.TestSearchUser" time="0.422"/>
  <testcase name="searchUser_by_verifyStatus" classname="com.heika.test.verify.cases.API.TestSearchUser" time="0.432"/>
  <testcase name="searchUser_by_verifyStatus" classname="com.heika.test.verify.cases.API.TestSearchUser" time="0.439"/>
  <testcase name="searchUser_by_verifyStatus" classname="com.heika.test.verify.cases.API.TestSearchUser" time="0.017"/>
  <testcase name="searchUser_by_verifyStatus" classname="com.heika.test.verify.cases.API.TestSearchUser" time="0.014"/>
  <testcase name="searchUser_by_verifyStatus" classname="com.heika.test.verify.cases.API.TestSearchUser" time="0.015"/>
  <testcase name="searchUser_by_verifyStatus" classname="com.heika.test.verify.cases.API.TestSearchUser" time="0.014"/>
  <testcase name="searchUser_by_verifyStatus" classname="com.heika.test.verify.cases.API.TestSearchUser" time="0.094"/>
  <testcase name="searchUser_by_verifyStatus" classname="com.heika.test.verify.cases.API.TestSearchUser" time="0.095"/>
  <testcase name="searchUser_by_verifyStatus" classname="com.heika.test.verify.cases.API.TestSearchUser" time="0.095"/>
  <testcase name="searchUser_by_verifyStatus" classname="com.heika.test.verify.cases.API.TestSearchUser" time="0.097"/>
  <testcase name="searchUser_by_verifyStatus" classname="com.heika.test.verify.cases.API.TestSearchUser" time="0.038"/>
  <testcase name="searchUser_by_verifyStatus" classname="com.heika.test.verify.cases.API.TestSearchUser" time="0.038"/>
  <testcase name="searchUser_by_verifyStatus" classname="com.heika.test.verify.cases.API.TestSearchUser" time="0.038"/>
  <testcase name="searchUser_by_verifyStatus" classname="com.heika.test.verify.cases.API.TestSearchUser" time="0.039"/>
  <testcase name="searchUser_by_verifyStatus" classname="com.heika.test.verify.cases.API.TestSearchUser" time="0.035"/>
  <testcase name="searchUser_by_verifyStatus" classname="com.heika.test.verify.cases.API.TestSearchUser" time="0.034"/>
  <testcase name="searchUser_by_verifyStatus" classname="com.heika.test.verify.cases.API.TestSearchUser" time="0.033"/>
  <testcase name="searchUser_by_verifyStatus" classname="com.heika.test.verify.cases.API.TestSearchUser" time="0.033"/>
  <testcase name="searchUser_by_verifyStatus" classname="com.heika.test.verify.cases.API.TestSearchUser" time="0.035"/>
  <testcase name="searchUser_by_verifyStatus" classname="com.heika.test.verify.cases.API.TestSearchUser" time="0.035"/>
  <testcase name="searchUser_by_verifyStatus" classname="com.heika.test.verify.cases.API.TestSearchUser" time="0.037"/>
  <testcase name="searchUser_by_verifyStatus" classname="com.heika.test.verify.cases.API.TestSearchUser" time="0.037"/>
  <testcase name="searchUser_by_verifyStatus" classname="com.heika.test.verify.cases.API.TestSearchUser" time="0.015"/>
  <testcase name="searchUser_by_verifyStatus" classname="com.heika.test.verify.cases.API.TestSearchUser" time="0.015"/>
  <testcase name="searchUser_by_verifyStatus" classname="com.heika.test.verify.cases.API.TestSearchUser" time="0.014"/>
  <testcase name="searchUser_by_verifyStatus" classname="com.heika.test.verify.cases.API.TestSearchUser" time="0.014"/>
  <testcase name="searchUser_by_verifyStatus" classname="com.heika.test.verify.cases.API.TestSearchUser" time="0.099"/>
  <testcase name="searchUser_by_verifyStatus" classname="com.heika.test.verify.cases.API.TestSearchUser" time="0.107"/>
  <testcase name="searchUser_by_verifyStatus" classname="com.heika.test.verify.cases.API.TestSearchUser" time="0.102"/>
  <testcase name="searchUser_by_verifyStatus" classname="com.heika.test.verify.cases.API.TestSearchUser" time="0.105"/>
  <testcase name="searchUser_by_verifyStatus" classname="com.heika.test.verify.cases.API.TestSearchUser" time="0.289"/>
  <testcase name="searchUser_by_verifyStatus" classname="com.heika.test.verify.cases.API.TestSearchUser" time="0.284"/>
  <testcase name="searchUser_by_verifyStatus" classname="com.heika.test.verify.cases.API.TestSearchUser" time="0.286"/>
  <testcase name="searchUser_by_verifyStatus" classname="com.heika.test.verify.cases.API.TestSearchUser" time="0.294"/>
  <testcase name="searchUser_by_verifyStatus" classname="com.heika.test.verify.cases.API.TestSearchUser" time="0.345"/>
  <testcase name="searchUser_by_verifyStatus" classname="com.heika.test.verify.cases.API.TestSearchUser" time="0.355"/>
  <testcase name="searchUser_by_verifyStatus" classname="com.heika.test.verify.cases.API.TestSearchUser" time="0.358"/>
  <testcase name="searchUser_by_verifyStatus" classname="com.heika.test.verify.cases.API.TestSearchUser" time="0.392"/>
  <testcase name="searchUser_by_verifyStatus" classname="com.heika.test.verify.cases.API.TestSearchUser" time="0.016"/>
  <testcase name="searchUser_by_verifyStatus" classname="com.heika.test.verify.cases.API.TestSearchUser" time="0.014"/>
  <testcase name="searchUser_by_verifyStatus" classname="com.heika.test.verify.cases.API.TestSearchUser" time="0.015"/>
  <testcase name="searchUser_by_verifyStatus" classname="com.heika.test.verify.cases.API.TestSearchUser" time="0.02"/>
  <testcase name="searchUser_by_verifyStatus" classname="com.heika.test.verify.cases.API.TestSearchUser" time="0.063"/>
  <testcase name="searchUser_by_verifyStatus" classname="com.heika.test.verify.cases.API.TestSearchUser" time="0.061"/>
  <testcase name="searchUser_by_verifyStatus" classname="com.heika.test.verify.cases.API.TestSearchUser" time="0.064"/>
  <testcase name="searchUser_by_verifyStatus" classname="com.heika.test.verify.cases.API.TestSearchUser" time="0.061"/>
  <testcase name="searchUser_by_verifyStatus" classname="com.heika.test.verify.cases.API.TestSearchUser" time="0.028"/>
  <testcase name="searchUser_by_verifyStatus" classname="com.heika.test.verify.cases.API.TestSearchUser" time="0.027"/>
  <testcase name="searchUser_by_verifyStatus" classname="com.heika.test.verify.cases.API.TestSearchUser" time="0.029"/>
  <testcase name="searchUser_by_verifyStatus" classname="com.heika.test.verify.cases.API.TestSearchUser" time="0.029"/>
  <testcase name="searchUser_by_verifyStatus" classname="com.heika.test.verify.cases.API.TestSearchUser" time="0.026"/>
  <testcase name="searchUser_by_verifyStatus" classname="com.heika.test.verify.cases.API.TestSearchUser" time="0.027"/>
  <testcase name="searchUser_by_verifyStatus" classname="com.heika.test.verify.cases.API.TestSearchUser" time="0.03"/>
  <testcase name="searchUser_by_verifyStatus" classname="com.heika.test.verify.cases.API.TestSearchUser" time="0.026"/>
  <testcase name="searchUser_by_verifyStatus" classname="com.heika.test.verify.cases.API.TestSearchUser" time="0.026"/>
  <testcase name="searchUser_by_verifyStatus" classname="com.heika.test.verify.cases.API.TestSearchUser" time="0.027"/>
  <testcase name="searchUser_by_verifyStatus" classname="com.heika.test.verify.cases.API.TestSearchUser" time="0.028"/>
  <testcase name="searchUser_by_verifyStatus" classname="com.heika.test.verify.cases.API.TestSearchUser" time="0.027"/>
  <testcase name="searchUser_by_verifyStatus" classname="com.heika.test.verify.cases.API.TestSearchUser" time="0.013"/>
  <testcase name="searchUser_by_verifyStatus" classname="com.heika.test.verify.cases.API.TestSearchUser" time="0.013"/>
  <testcase name="searchUser_by_verifyStatus" classname="com.heika.test.verify.cases.API.TestSearchUser" time="0.015"/>
  <testcase name="searchUser_by_verifyStatus" classname="com.heika.test.verify.cases.API.TestSearchUser" time="0.014"/>
  <testcase name="searchUser_by_verifyStatus" classname="com.heika.test.verify.cases.API.TestSearchUser" time="0.071"/>
  <testcase name="searchUser_by_verifyStatus" classname="com.heika.test.verify.cases.API.TestSearchUser" time="0.068"/>
  <testcase name="searchUser_by_verifyStatus" classname="com.heika.test.verify.cases.API.TestSearchUser" time="0.068"/>
  <testcase name="searchUser_by_verifyStatus" classname="com.heika.test.verify.cases.API.TestSearchUser" time="0.07"/>
  <testcase name="searchUser_by_verifyStatus" classname="com.heika.test.verify.cases.API.TestSearchUser" time="0.211"/>
  <testcase name="searchUser_by_verifyStatus" classname="com.heika.test.verify.cases.API.TestSearchUser" time="0.18"/>
  <testcase name="searchUser_by_verifyStatus" classname="com.heika.test.verify.cases.API.TestSearchUser" time="0.199"/>
  <testcase name="searchUser_by_verifyStatus" classname="com.heika.test.verify.cases.API.TestSearchUser" time="0.192"/>
  <testcase name="searchUser_by_verifyStatus" classname="com.heika.test.verify.cases.API.TestSearchUser" time="1.023"/>
  <testcase name="searchUser_by_verifyStatus" classname="com.heika.test.verify.cases.API.TestSearchUser" time="1.019"/>
  <testcase name="searchUser_by_verifyStatus" classname="com.heika.test.verify.cases.API.TestSearchUser" time="1.019"/>
  <testcase name="searchUser_by_verifyStatus" classname="com.heika.test.verify.cases.API.TestSearchUser" time="1.017"/>
  <testcase name="searchUser_by_verifyStatus" classname="com.heika.test.verify.cases.API.TestSearchUser" time="1.246"/>
  <testcase name="searchUser_by_verifyStatus" classname="com.heika.test.verify.cases.API.TestSearchUser" time="1.234"/>
  <testcase name="searchUser_by_verifyStatus" classname="com.heika.test.verify.cases.API.TestSearchUser" time="1.241"/>
  <testcase name="searchUser_by_verifyStatus" classname="com.heika.test.verify.cases.API.TestSearchUser" time="1.241"/>
</testsuite>