<?xml version="1.0" encoding="UTF-8"?>
<testsuite name="TestSuite" time="1.52" tests="89" errors="0" skipped="0" failures="0">
  <properties>
    <property name="java.runtime.name" value="Java(TM) SE Runtime Environment"/>
    <property name="sun.boot.library.path" value="/usr/lib/jvm/java-8-oracle/jre/lib/amd64"/>
    <property name="java.vm.version" value="25.60-b23"/>
    <property name="java.vm.vendor" value="Oracle Corporation"/>
    <property name="maven.multiModuleProjectDirectory" value="/home/peng/test-codes/heika-test"/>
    <property name="java.vendor.url" value="http://java.oracle.com/"/>
    <property name="path.separator" value=":"/>
    <property name="guice.disable.misplaced.annotation.check" value="true"/>
    <property name="java.vm.name" value="Java HotSpot(TM) 64-Bit Server VM"/>
    <property name="file.encoding.pkg" value="sun.io"/>
    <property name="user.country" value="US"/>
    <property name="sun.java.launcher" value="SUN_STANDARD"/>
    <property name="sun.os.patch.level" value="unknown"/>
    <property name="java.vm.specification.name" value="Java Virtual Machine Specification"/>
    <property name="user.dir" value="/home/peng/test-codes/heika-test"/>
    <property name="java.runtime.version" value="1.8.0_60-b27"/>
    <property name="java.awt.graphicsenv" value="sun.awt.X11GraphicsEnvironment"/>
    <property name="java.endorsed.dirs" value="/usr/lib/jvm/java-8-oracle/jre/lib/endorsed"/>
    <property name="os.arch" value="amd64"/>
    <property name="java.io.tmpdir" value="/tmp"/>
    <property name="line.separator" value="&#10;"/>
    <property name="java.vm.specification.vendor" value="Oracle Corporation"/>
    <property name="os.name" value="Linux"/>
    <property name="classworlds.conf" value="/home/peng/apache-maven-3.3.3/bin/m2.conf"/>
    <property name="sun.jnu.encoding" value="UTF-8"/>
    <property name="java.library.path" value="/usr/java/packages/lib/amd64:/usr/lib64:/lib64:/lib:/usr/lib"/>
    <property name="java.specification.name" value="Java Platform API Specification"/>
    <property name="java.class.version" value="52.0"/>
    <property name="sun.management.compiler" value="HotSpot 64-Bit Tiered Compilers"/>
    <property name="os.version" value="3.16.0-50-generic"/>
    <property name="user.home" value="/home/peng"/>
    <property name="user.timezone" value="Asia/Harbin"/>
    <property name="java.awt.printerjob" value="sun.print.PSPrinterJob"/>
    <property name="file.encoding" value="UTF-8"/>
    <property name="java.specification.version" value="1.8"/>
    <property name="user.name" value="peng"/>
    <property name="java.class.path" value="/home/peng/apache-maven-3.3.3/boot/plexus-classworlds-2.5.2.jar"/>
    <property name="java.vm.specification.version" value="1.8"/>
    <property name="sun.arch.data.model" value="64"/>
    <property name="java.home" value="/usr/lib/jvm/java-8-oracle/jre"/>
    <property name="sun.java.command" value="org.codehaus.plexus.classworlds.launcher.Launcher test"/>
    <property name="java.specification.vendor" value="Oracle Corporation"/>
    <property name="user.language" value="en"/>
    <property name="awt.toolkit" value="sun.awt.X11.XToolkit"/>
    <property name="java.vm.info" value="mixed mode"/>
    <property name="java.version" value="1.8.0_60"/>
    <property name="java.ext.dirs" value="/usr/lib/jvm/java-8-oracle/jre/lib/ext:/usr/java/packages/lib/ext"/>
    <property name="securerandom.source" value="file:/dev/./urandom"/>
    <property name="sun.boot.class.path" value="/usr/lib/jvm/java-8-oracle/jre/lib/resources.jar:/usr/lib/jvm/java-8-oracle/jre/lib/rt.jar:/usr/lib/jvm/java-8-oracle/jre/lib/sunrsasign.jar:/usr/lib/jvm/java-8-oracle/jre/lib/jsse.jar:/usr/lib/jvm/java-8-oracle/jre/lib/jce.jar:/usr/lib/jvm/java-8-oracle/jre/lib/charsets.jar:/usr/lib/jvm/java-8-oracle/jre/lib/jfr.jar:/usr/lib/jvm/java-8-oracle/jre/classes"/>
    <property name="java.vendor" value="Oracle Corporation"/>
    <property name="maven.home" value="/home/peng/apache-maven-3.3.3"/>
    <property name="file.separator" value="/"/>
    <property name="java.vendor.url.bug" value="http://bugreport.sun.com/bugreport/"/>
    <property name="sun.cpu.endian" value="little"/>
    <property name="sun.io.unicode.encoding" value="UnicodeLittle"/>
    <property name="sun.desktop" value="gnome"/>
    <property name="sun.cpu.isalist" value=""/>
  </properties>
  <testcase name="searchUser_by_verifyStatus" classname="com.heika.test.verify.cases.API.TestSearchUser" time="1.52"/>
  <testcase name="searchUser_by_verifyStatus" classname="com.heika.test.verify.cases.API.TestSearchUser" time="0.024"/>
  <testcase name="searchUser_by_verifyStatus" classname="com.heika.test.verify.cases.API.TestSearchUser" time="0.146"/>
  <testcase name="searchUser_by_verifyStatus" classname="com.heika.test.verify.cases.API.TestSearchUser" time="0.05"/>
  <testcase name="searchUser_by_verifyStatus" classname="com.heika.test.verify.cases.API.TestSearchUser" time="0.065"/>
  <testcase name="searchUser_by_verifyStatus" classname="com.heika.test.verify.cases.API.TestSearchUser" time="0.038"/>
  <testcase name="searchUser_by_verifyStatus" classname="com.heika.test.verify.cases.API.TestSearchUser" time="0.025"/>
  <testcase name="searchUser_by_verifyStatus" classname="com.heika.test.verify.cases.API.TestSearchUser" time="0.144"/>
  <testcase name="searchUser_by_verifyStatus" classname="com.heika.test.verify.cases.API.TestSearchUser" time="0.396"/>
  <testcase name="searchUser_by_verifyStatus" classname="com.heika.test.verify.cases.API.TestSearchUser" time="0.589"/>
  <testcase name="searchUser_by_verifyStatus" classname="com.heika.test.verify.cases.API.TestSearchUser" time="0.517"/>
  <testcase name="searchUser_by_verifyStatus" classname="com.heika.test.verify.cases.API.TestSearchUser" time="0.512"/>
  <testcase name="searchUser_by_verifyStatus" classname="com.heika.test.verify.cases.API.TestSearchUser" time="0.512"/>
  <testcase name="searchUser_by_verifyStatus" classname="com.heika.test.verify.cases.API.TestSearchUser" time="0.018"/>
  <testcase name="searchUser_by_verifyStatus" classname="com.heika.test.verify.cases.API.TestSearchUser" time="0.018"/>
  <testcase name="searchUser_by_verifyStatus" classname="com.heika.test.verify.cases.API.TestSearchUser" time="0.019"/>
  <testcase name="searchUser_by_verifyStatus" classname="com.heika.test.verify.cases.API.TestSearchUser" time="0.018"/>
  <testcase name="searchUser_by_verifyStatus" classname="com.heika.test.verify.cases.API.TestSearchUser" time="0.114"/>
  <testcase name="searchUser_by_verifyStatus" classname="com.heika.test.verify.cases.API.TestSearchUser" time="0.118"/>
  <testcase name="searchUser_by_verifyStatus" classname="com.heika.test.verify.cases.API.TestSearchUser" time="0.146"/>
  <testcase name="searchUser_by_verifyStatus" classname="com.heika.test.verify.cases.API.TestSearchUser" time="0.132"/>
  <testcase name="searchUser_by_verifyStatus" classname="com.heika.test.verify.cases.API.TestSearchUser" time="0.042"/>
  <testcase name="searchUser_by_verifyStatus" classname="com.heika.test.verify.cases.API.TestSearchUser" time="0.04"/>
  <testcase name="searchUser_by_verifyStatus" classname="com.heika.test.verify.cases.API.TestSearchUser" time="0.04"/>
  <testcase name="searchUser_by_verifyStatus" classname="com.heika.test.verify.cases.API.TestSearchUser" time="0.039"/>
  <testcase name="searchUser_by_verifyStatus" classname="com.heika.test.verify.cases.API.TestSearchUser" time="0.048"/>
  <testcase name="searchUser_by_verifyStatus" classname="com.heika.test.verify.cases.API.TestSearchUser" time="0.047"/>
  <testcase name="searchUser_by_verifyStatus" classname="com.heika.test.verify.cases.API.TestSearchUser" time="0.047"/>
  <testcase name="searchUser_by_verifyStatus" classname="com.heika.test.verify.cases.API.TestSearchUser" time="0.049"/>
  <testcase name="searchUser_by_verifyStatus" classname="com.heika.test.verify.cases.API.TestSearchUser" time="0.031"/>
  <testcase name="searchUser_by_verifyStatus" classname="com.heika.test.verify.cases.API.TestSearchUser" time="0.03"/>
  <testcase name="searchUser_by_verifyStatus" classname="com.heika.test.verify.cases.API.TestSearchUser" time="0.032"/>
  <testcase name="searchUser_by_verifyStatus" classname="com.heika.test.verify.cases.API.TestSearchUser" time="0.032"/>
  <testcase name="searchUser_by_verifyStatus" classname="com.heika.test.verify.cases.API.TestSearchUser" time="0.021"/>
  <testcase name="searchUser_by_verifyStatus" classname="com.heika.test.verify.cases.API.TestSearchUser" time="0.022"/>
  <testcase name="searchUser_by_verifyStatus" classname="com.heika.test.verify.cases.API.TestSearchUser" time="0.021"/>
  <testcase name="searchUser_by_verifyStatus" classname="com.heika.test.verify.cases.API.TestSearchUser" time="0.021"/>
  <testcase name="searchUser_by_verifyStatus" classname="com.heika.test.verify.cases.API.TestSearchUser" time="0.114"/>
  <testcase name="searchUser_by_verifyStatus" classname="com.heika.test.verify.cases.API.TestSearchUser" time="0.115"/>
  <testcase name="searchUser_by_verifyStatus" classname="com.heika.test.verify.cases.API.TestSearchUser" time="0.114"/>
  <testcase name="searchUser_by_verifyStatus" classname="com.heika.test.verify.cases.API.TestSearchUser" time="0.113"/>
  <testcase name="searchUser_by_verifyStatus" classname="com.heika.test.verify.cases.API.TestSearchUser" time="0.323"/>
  <testcase name="searchUser_by_verifyStatus" classname="com.heika.test.verify.cases.API.TestSearchUser" time="0.316"/>
  <testcase name="searchUser_by_verifyStatus" classname="com.heika.test.verify.cases.API.TestSearchUser" time="0.333"/>
  <testcase name="searchUser_by_verifyStatus" classname="com.heika.test.verify.cases.API.TestSearchUser" time="0.332"/>
  <testcase name="searchUser_by_verifyStatus" classname="com.heika.test.verify.cases.API.TestSearchUser" time="0.409"/>
  <testcase name="searchUser_by_verifyStatus" classname="com.heika.test.verify.cases.API.TestSearchUser" time="0.439"/>
  <testcase name="searchUser_by_verifyStatus" classname="com.heika.test.verify.cases.API.TestSearchUser" time="0.397"/>
  <testcase name="searchUser_by_verifyStatus" classname="com.heika.test.verify.cases.API.TestSearchUser" time="0.392"/>
  <testcase name="searchUser_by_verifyStatus" classname="com.heika.test.verify.cases.API.TestSearchUser" time="0.014"/>
  <testcase name="searchUser_by_verifyStatus" classname="com.heika.test.verify.cases.API.TestSearchUser" time="0.016"/>
  <testcase name="searchUser_by_verifyStatus" classname="com.heika.test.verify.cases.API.TestSearchUser" time="0.016"/>
  <testcase name="searchUser_by_verifyStatus" classname="com.heika.test.verify.cases.API.TestSearchUser" time="0.019"/>
  <testcase name="searchUser_by_verifyStatus" classname="com.heika.test.verify.cases.API.TestSearchUser" time="0.073"/>
  <testcase name="searchUser_by_verifyStatus" classname="com.heika.test.verify.cases.API.TestSearchUser" time="0.08"/>
  <testcase name="searchUser_by_verifyStatus" classname="com.heika.test.verify.cases.API.TestSearchUser" time="0.076"/>
  <testcase name="searchUser_by_verifyStatus" classname="com.heika.test.verify.cases.API.TestSearchUser" time="0.073"/>
  <testcase name="searchUser_by_verifyStatus" classname="com.heika.test.verify.cases.API.TestSearchUser" time="0.031"/>
  <testcase name="searchUser_by_verifyStatus" classname="com.heika.test.verify.cases.API.TestSearchUser" time="0.029"/>
  <testcase name="searchUser_by_verifyStatus" classname="com.heika.test.verify.cases.API.TestSearchUser" time="0.033"/>
  <testcase name="searchUser_by_verifyStatus" classname="com.heika.test.verify.cases.API.TestSearchUser" time="0.03"/>
  <testcase name="searchUser_by_verifyStatus" classname="com.heika.test.verify.cases.API.TestSearchUser" time="0.035"/>
  <testcase name="searchUser_by_verifyStatus" classname="com.heika.test.verify.cases.API.TestSearchUser" time="0.037"/>
  <testcase name="searchUser_by_verifyStatus" classname="com.heika.test.verify.cases.API.TestSearchUser" time="0.039"/>
  <testcase name="searchUser_by_verifyStatus" classname="com.heika.test.verify.cases.API.TestSearchUser" time="0.036"/>
  <testcase name="searchUser_by_verifyStatus" classname="com.heika.test.verify.cases.API.TestSearchUser" time="0.024"/>
  <testcase name="searchUser_by_verifyStatus" classname="com.heika.test.verify.cases.API.TestSearchUser" time="0.024"/>
  <testcase name="searchUser_by_verifyStatus" classname="com.heika.test.verify.cases.API.TestSearchUser" time="0.025"/>
  <testcase name="searchUser_by_verifyStatus" classname="com.heika.test.verify.cases.API.TestSearchUser" time="0.024"/>
  <testcase name="searchUser_by_verifyStatus" classname="com.heika.test.verify.cases.API.TestSearchUser" time="0.018"/>
  <testcase name="searchUser_by_verifyStatus" classname="com.heika.test.verify.cases.API.TestSearchUser" time="0.018"/>
  <testcase name="searchUser_by_verifyStatus" classname="com.heika.test.verify.cases.API.TestSearchUser" time="0.02"/>
  <testcase name="searchUser_by_verifyStatus" classname="com.heika.test.verify.cases.API.TestSearchUser" time="0.019"/>
  <testcase name="searchUser_by_verifyStatus" classname="com.heika.test.verify.cases.API.TestSearchUser" time="0.082"/>
  <testcase name="searchUser_by_verifyStatus" classname="com.heika.test.verify.cases.API.TestSearchUser" time="0.083"/>
  <testcase name="searchUser_by_verifyStatus" classname="com.heika.test.verify.cases.API.TestSearchUser" time="0.086"/>
  <testcase name="searchUser_by_verifyStatus" classname="com.heika.test.verify.cases.API.TestSearchUser" time="0.083"/>
  <testcase name="searchUser_by_verifyStatus" classname="com.heika.test.verify.cases.API.TestSearchUser" time="0.264"/>
  <testcase name="searchUser_by_verifyStatus" classname="com.heika.test.verify.cases.API.TestSearchUser" time="0.247"/>
  <testcase name="searchUser_by_verifyStatus" classname="com.heika.test.verify.cases.API.TestSearchUser" time="0.253"/>
  <testcase name="searchUser_by_verifyStatus" classname="com.heika.test.verify.cases.API.TestSearchUser" time="0.248"/>
  <testcase name="searchUser_by_verifyStatus" classname="com.heika.test.verify.cases.API.TestSearchUser" time="1.521"/>
  <testcase name="searchUser_by_verifyStatus" classname="com.heika.test.verify.cases.API.TestSearchUser" time="1.409"/>
  <testcase name="searchUser_by_verifyStatus" classname="com.heika.test.verify.cases.API.TestSearchUser" time="1.393"/>
  <testcase name="searchUser_by_verifyStatus" classname="com.heika.test.verify.cases.API.TestSearchUser" time="1.992"/>
  <testcase name="searchUser_by_verifyStatus" classname="com.heika.test.verify.cases.API.TestSearchUser" time="1.644"/>
  <testcase name="searchUser_by_verifyStatus" classname="com.heika.test.verify.cases.API.TestSearchUser" time="1.622"/>
  <testcase name="searchUser_by_verifyStatus" classname="com.heika.test.verify.cases.API.TestSearchUser" time="1.65"/>
  <testcase name="searchUser_by_verifyStatus" classname="com.heika.test.verify.cases.API.TestSearchUser" time="1.659"/>
</testsuite>